\BOOKMARK [1][-]{section.1}{\376\377\000I\000n\000t\000r\000o\000d\000u\000c\000c\000i\000\363\000n}{}% 1
\BOOKMARK [2][-]{subsection.1.1}{\376\377\000M\000i\000s\000i\000\363\000n\000,\000\040\000v\000i\000s\000i\000\363\000n\000\040\000y\000\040\000v\000a\000l\000o\000r\000e\000s\000\040\000c\000o\000r\000p\000o\000r\000a\000t\000i\000v\000o\000s}{section.1}% 2
\BOOKMARK [1][-]{section.2}{\376\377\000P\000l\000a\000n\000t\000e\000a\000m\000i\000e\000n\000t\000o\000\040\000d\000e\000l\000\040\000P\000r\000o\000b\000l\000e\000m\000a}{}% 3
\BOOKMARK [2][-]{subsection.2.1}{\376\377\000A\000n\000\341\000l\000i\000s\000i\000s\000\040\000d\000e\000\040\000n\000e\000c\000e\000s\000i\000d\000a\000d\000e\000s\000\040\000d\000e\000l\000\040\000m\000e\000r\000c\000a\000d\000o}{section.2}% 4
\BOOKMARK [2][-]{subsection.2.2}{\376\377\000T\000e\000n\000d\000e\000n\000c\000i\000a\000s\000\040\000r\000e\000g\000i\000o\000n\000a\000l\000e\000s}{section.2}% 5
\BOOKMARK [2][-]{subsection.2.3}{\376\377\000C\000o\000m\000p\000a\000r\000a\000c\000i\000\363\000n\000\040\000c\000o\000n\000\040\000m\000\351\000t\000o\000d\000o\000s\000\040\000t\000r\000a\000d\000i\000c\000i\000o\000n\000a\000l\000e\000s}{section.2}% 6
\BOOKMARK [2][-]{subsection.2.4}{\376\377\000P\000r\000o\000y\000e\000c\000c\000i\000o\000n\000e\000s\000\040\000a\000\040\000l\000a\000r\000g\000o\000\040\000p\000l\000a\000z\000o}{section.2}% 7
\BOOKMARK [2][-]{subsection.2.5}{\376\377\000D\000e\000f\000i\000n\000i\000c\000i\000\363\000n\000\040\000t\000\351\000c\000n\000i\000c\000a\000\040\000d\000e\000l\000\040\000p\000r\000o\000b\000l\000e\000m\000a}{section.2}% 8
\BOOKMARK [1][-]{section.3}{\376\377\000E\000s\000t\000a\000d\000o\000\040\000d\000e\000l\000\040\000A\000r\000t\000e}{}% 9
\BOOKMARK [2][-]{subsection.3.1}{\376\377\000D\000e\000s\000c\000r\000i\000p\000c\000i\000\363\000n\000\040\000d\000e\000l\000\040\000P\000r\000o\000b\000l\000e\000m\000a\000\040\000T\000\351\000c\000n\000i\000c\000o}{section.3}% 10
\BOOKMARK [2][-]{subsection.3.2}{\376\377\000R\000e\000v\000i\000s\000i\000\363\000n\000\040\000s\000i\000s\000t\000e\000m\000\341\000t\000i\000c\000a\000\040\000d\000e\000\040\000l\000i\000t\000e\000r\000a\000t\000u\000r\000a}{section.3}% 11
\BOOKMARK [2][-]{subsection.3.3}{\376\377\000B\000r\000e\000c\000h\000a\000s\000\040\000t\000e\000c\000n\000o\000l\000\363\000g\000i\000c\000a\000s\000\040\000i\000d\000e\000n\000t\000i\000f\000i\000c\000a\000d\000a\000s}{section.3}% 12
\BOOKMARK [1][-]{section.4}{\376\377\000M\000a\000r\000c\000o\000\040\000T\000e\000\363\000r\000i\000c\000o}{}% 13
\BOOKMARK [2][-]{subsection.4.1}{\376\377\000F\000u\000n\000c\000i\000o\000n\000e\000s\000\040\000C\000o\000m\000p\000u\000t\000a\000c\000i\000o\000n\000a\000l\000e\000s\000\040\000R\000e\000q\000u\000e\000r\000i\000d\000a\000s}{section.4}% 14
\BOOKMARK [2][-]{subsection.4.2}{\376\377\000M\000o\000d\000e\000l\000o\000s\000\040\000C\000o\000g\000n\000i\000t\000i\000v\000o\000s\000\040\000d\000e\000\040\000R\000e\000f\000e\000r\000e\000n\000c\000i\000a}{section.4}% 15
\BOOKMARK [1][-]{section.5}{\376\377\000D\000i\000s\000e\000\361\000o\000\040\000d\000e\000\040\000l\000a\000\040\000S\000o\000l\000u\000c\000i\000\363\000n}{}% 16
\BOOKMARK [2][-]{subsection.5.1}{\376\377\000A\000r\000q\000u\000i\000t\000e\000c\000t\000u\000r\000a\000\040\000d\000e\000l\000\040\000s\000i\000s\000t\000e\000m\000a}{section.5}% 17
\BOOKMARK [2][-]{subsection.5.2}{\376\377\000D\000e\000s\000c\000r\000i\000p\000c\000i\000\363\000n\000\040\000d\000e\000l\000\040\000d\000i\000s\000e\000\361\000o\000\040\000d\000e\000\040\000l\000a\000\040\000s\000o\000l\000u\000c\000i\000\363\000n}{section.5}% 18
\BOOKMARK [2][-]{subsection.5.3}{\376\377\000F\000l\000u\000j\000o\000\040\000d\000e\000\040\000p\000r\000o\000c\000e\000s\000a\000m\000i\000e\000n\000t\000o}{section.5}% 19
\BOOKMARK [1][-]{section.6}{\376\377\000M\000a\000p\000e\000o\000\040\000c\000o\000n\000c\000e\000p\000t\000u\000a\000l\000\040\000a\000\040\000t\000e\000o\000r\000\355\000a\000s\000\040\000c\000o\000g\000n\000i\000t\000i\000v\000a\000s}{}% 20
\BOOKMARK [2][-]{subsection.6.1}{\376\377\000M\000o\000d\000e\000l\000o\000\040\000d\000e\000\040\000M\000a\000r\000r\000\040\000\050\000p\000e\000r\000c\000e\000p\000c\000i\000\363\000n\000\040\000v\000i\000s\000u\000a\000l\000\051}{section.6}% 21
\BOOKMARK [2][-]{subsection.6.2}{\376\377\000M\000e\000m\000o\000r\000i\000a\000\040\000O\000p\000e\000r\000a\000t\000i\000v\000a\000\040\000d\000e\000\040\000B\000a\000d\000d\000e\000l\000e\000y\000\040\000\046\000\040\000H\000i\000t\000c\000h}{section.6}% 22
\BOOKMARK [2][-]{subsection.6.3}{\376\377\000C\000i\000r\000c\000u\000i\000t\000o\000\040\000d\000o\000p\000a\000m\000i\000n\000\351\000r\000g\000i\000c\000o\000\040\000\050\000m\000o\000t\000i\000v\000a\000c\000i\000\363\000n\000\040\000y\000\040\000c\000o\000n\000t\000r\000o\000l\000\040\000d\000e\000\040\000b\000\372\000s\000q\000u\000e\000d\000a\000\051}{section.6}% 23
\BOOKMARK [1][-]{section.7}{\376\377\000C\000o\000m\000p\000o\000n\000e\000n\000t\000e\000s\000\040\000d\000e\000l\000\040\000s\000i\000s\000t\000e\000m\000a\000\040\000y\000\040\000f\000l\000u\000j\000o\000\040\000d\000e\000\040\000d\000a\000t\000o\000s}{}% 24
\BOOKMARK [2][-]{subsection.7.1}{\376\377\000S\000e\000n\000s\000o\000r\000e\000s\000\040\000y\000\040\000p\000r\000e\000\040\000p\000r\000o\000c\000e\000s\000a\000m\000i\000e\000n\000t\000o}{section.7}% 25
\BOOKMARK [2][-]{subsection.7.2}{\376\377\000P\000e\000r\000c\000e\000p\000c\000i\000\363\000n\000\040\000\050\000M\000o\000d\000e\000l\000o\000\040\000d\000e\000\040\000M\000a\000r\000r\000\051}{section.7}% 26
\BOOKMARK [2][-]{subsection.7.3}{\376\377\000M\000e\000m\000o\000r\000i\000a\000\040\000o\000p\000e\000r\000a\000t\000i\000v\000a}{section.7}% 27
\BOOKMARK [2][-]{subsection.7.4}{\376\377\000M\000\363\000d\000u\000l\000o\000\040\000m\000o\000t\000i\000v\000a\000c\000i\000o\000n\000a\000l\000\040\000\050\000c\000i\000r\000c\000u\000i\000t\000o\000\040\000d\000o\000p\000a\000m\000i\000n\000\351\000r\000g\000i\000c\000o\000\051}{section.7}% 28
\BOOKMARK [2][-]{subsection.7.5}{\376\377\000P\000l\000a\000n\000i\000f\000i\000c\000a\000c\000i\000\363\000n\000\040\000y\000\040\000c\000o\000o\000r\000d\000i\000n\000a\000c\000i\000\363\000n\000\040\000m\000u\000l\000t\000i\000-\000d\000r\000o\000n\000e}{section.7}% 29
\BOOKMARK [2][-]{subsection.7.6}{\376\377\000V\000e\000r\000i\000f\000i\000c\000a\000c\000i\000\363\000n\000\040\000y\000\040\000c\000o\000m\000u\000n\000i\000c\000a\000c\000i\000\363\000n}{section.7}% 30
\BOOKMARK [1][-]{section.8}{\376\377\000D\000i\000s\000e\000\361\000o\000\040\000a\000l\000g\000o\000r\000\355\000t\000m\000i\000c\000o\000\040\000y\000\040\000a\000p\000r\000e\000n\000d\000i\000z\000a\000j\000e}{}% 31
\BOOKMARK [1][-]{section.9}{\376\377\000E\000x\000p\000e\000r\000i\000m\000e\000n\000t\000a\000c\000i\000\363\000n\000\040\000y\000\040\000R\000e\000s\000u\000l\000t\000a\000d\000o\000s}{}% 32
\BOOKMARK [2][-]{subsection.9.1}{\376\377\000D\000i\000s\000e\000\361\000o\000\040\000e\000x\000p\000e\000r\000i\000m\000e\000n\000t\000a\000l}{section.9}% 33
\BOOKMARK [2][-]{subsection.9.2}{\376\377\000M\000\351\000t\000r\000i\000c\000a\000s\000\040\000d\000e\000\040\000e\000v\000a\000l\000u\000a\000c\000i\000\363\000n}{section.9}% 34
\BOOKMARK [2][-]{subsection.9.3}{\376\377\000R\000e\000s\000u\000l\000t\000a\000d\000o\000s\000\040\000c\000o\000m\000p\000a\000r\000a\000t\000i\000v\000o\000s}{section.9}% 35
\BOOKMARK [1][-]{section.10}{\376\377\000M\000o\000d\000e\000l\000o\000\040\000d\000e\000\040\000N\000e\000g\000o\000c\000i\000o}{}% 36
\BOOKMARK [2][-]{subsection.10.1}{\376\377\000E\000s\000t\000r\000a\000t\000e\000g\000i\000a\000\040\000d\000e\000\040\000c\000o\000m\000e\000r\000c\000i\000a\000l\000i\000z\000a\000c\000i\000\363\000n}{section.10}% 37
\BOOKMARK [2][-]{subsection.10.2}{\376\377\000P\000r\000o\000y\000e\000c\000c\000i\000o\000n\000e\000s\000\040\000f\000i\000n\000a\000n\000c\000i\000e\000r\000a\000s}{section.10}% 38
\BOOKMARK [1][-]{section.11}{\376\377\000N\000o\000r\000m\000a\000t\000i\000v\000a\000s\000\040\000y\000\040\000A\000s\000p\000e\000c\000t\000o\000s\000\040\000R\000e\000g\000u\000l\000a\000t\000o\000r\000i\000o\000s}{}% 39
\BOOKMARK [2][-]{subsection.11.1}{\376\377\000N\000o\000r\000m\000a\000t\000i\000v\000a\000s\000\040\000i\000n\000t\000e\000r\000n\000a\000c\000i\000o\000n\000a\000l\000e\000s}{section.11}% 40
\BOOKMARK [2][-]{subsection.11.2}{\376\377\000N\000o\000r\000m\000a\000t\000i\000v\000a\000s\000\040\000n\000a\000c\000i\000o\000n\000a\000l\000e\000s}{section.11}% 41
\BOOKMARK [2][-]{subsection.11.3}{\376\377\000A\000s\000p\000e\000c\000t\000o\000s\000\040\000\351\000t\000i\000c\000o\000s\000\040\000y\000\040\000s\000o\000c\000i\000a\000l\000e\000s}{section.11}% 42
\BOOKMARK [2][-]{subsection.11.4}{\376\377\000I\000m\000p\000l\000i\000c\000a\000c\000i\000o\000n\000e\000s\000\040\000p\000a\000r\000a\000\040\000e\000l\000\040\000m\000o\000d\000e\000l\000o\000\040\000d\000e\000\040\000n\000e\000g\000o\000c\000i\000o}{section.11}% 43
\BOOKMARK [1][-]{section.12}{\376\377\000C\000o\000n\000c\000l\000u\000s\000i\000o\000n\000e\000s\000\040\000y\000\040\000T\000r\000a\000b\000a\000j\000o\000s\000\040\000F\000u\000t\000u\000r\000o\000s}{}% 44
